{"level":"\u001b[32minfo\u001b[39m","message":"{\"method\":\"POST\",\"url\":\"/teas\",\"status\":\"201\",\"responseTime\":\"21.999\"}","timestamp":"2025-05-29T19:05:00.971Z"}
{"level":"\u001b[32minfo\u001b[39m","message":"{\"method\":\"POST\",\"url\":\"/teas\",\"status\":\"201\",\"responseTime\":\"0.343\"}","timestamp":"2025-05-29T19:05:09.340Z"}
{"level":"\u001b[32minfo\u001b[39m","message":"{\"method\":\"POST\",\"url\":\"/teas\",\"status\":\"201\",\"responseTime\":\"3.212\"}","timestamp":"2025-05-29T19:05:29.484Z"}
{"level":"\u001b[32minfo\u001b[39m","message":"{\"method\":\"POST\",\"url\":\"/teas\",\"status\":\"201\",\"responseTime\":\"0.290\"}","timestamp":"2025-05-29T19:06:25.411Z"}
{"level":"\u001b[32minfo\u001b[39m","message":"{\"method\":\"GET\",\"url\":\"/teas\",\"status\":\"200\",\"responseTime\":\"0.589\"}","timestamp":"2025-05-29T19:11:15.342Z"}
{"level":"\u001b[32minfo\u001b[39m","message":"{\"method\":\"GET\",\"url\":\"/teas/2\",\"status\":\"200\",\"responseTime\":\"8.589\"}","timestamp":"2025-05-29T19:11:21.237Z"}
{"level":"\u001b[32minfo\u001b[39m","message":"{\"method\":\"PUT\",\"url\":\"/teas/2\",\"status\":\"500\",\"responseTime\":\"12.593\"}","timestamp":"2025-05-29T19:11:26.926Z"}
{"level":"\u001b[32minfo\u001b[39m","message":"{\"method\":\"PUT\",\"url\":\"/teas/2\",\"status\":\"500\",\"responseTime\":\"0.728\"}","timestamp":"2025-05-29T19:12:14.886Z"}
{"level":"\u001b[32minfo\u001b[39m","message":"{\"method\":\"PUT\",\"url\":\"/teas/2\",\"status\":\"500\",\"responseTime\":\"0.939\"}","timestamp":"2025-05-29T19:12:50.579Z"}
{"level":"\u001b[32minfo\u001b[39m","message":"{\"method\":\"PUT\",\"url\":\"/teas/2\",\"status\":\"500\",\"responseTime\":\"0.882\"}","timestamp":"2025-05-29T19:13:10.233Z"}
{"level":"\u001b[32minfo\u001b[39m","message":"{\"method\":\"POST\",\"url\":\"/teas/2\",\"status\":\"404\",\"responseTime\":\"4.046\"}","timestamp":"2025-05-29T19:14:59.639Z"}
{"level":"\u001b[32minfo\u001b[39m","message":"{\"method\":\"PUT\",\"url\":\"/teas/2\",\"status\":\"200\",\"responseTime\":\"0.339\"}","timestamp":"2025-05-29T19:15:36.943Z"}
{"level":"\u001b[32minfo\u001b[39m","message":"{\"method\":\"GET\",\"url\":\"/teas\",\"status\":\"200\",\"responseTime\":\"0.301\"}","timestamp":"2025-05-29T19:15:46.698Z"}
{"level":"\u001b[32minfo\u001b[39m","message":"A post request is made to add a new tea","timestamp":"2025-05-29T19:21:08.863Z"}
{"level":"\u001b[32minfo\u001b[39m","message":"{\"method\":\"POST\",\"url\":\"/teas\",\"status\":\"201\",\"responseTime\":\"13.283\"}","timestamp":"2025-05-29T19:21:08.879Z"}
{"level":"\u001b[32minfo\u001b[39m","message":"A post request is made to add a new tea","timestamp":"2025-05-29T19:21:10.999Z"}
{"level":"\u001b[32minfo\u001b[39m","message":"{\"method\":\"POST\",\"url\":\"/teas\",\"status\":\"201\",\"responseTime\":\"0.888\"}","timestamp":"2025-05-29T19:21:11.004Z"}
{"level":"\u001b[32minfo\u001b[39m","message":"A post request is made to add a new tea","timestamp":"2025-05-29T19:23:45.865Z"}
{"level":"\u001b[32minfo\u001b[39m","message":"{\"method\":\"POST\",\"url\":\"/teas\",\"status\":\"201\",\"responseTime\":\"35.161\"}","timestamp":"2025-05-29T19:23:45.906Z"}
{"level":"\u001b[32minfo\u001b[39m","message":"\u001b[32mA post request is made to add a new tea\u001b[39m","timestamp":"2025-05-29T19:25:11.466Z"}
{"level":"\u001b[32minfo\u001b[39m","message":"{\"method\":\"POST\",\"url\":\"/teas\",\"status\":\"201\",\"responseTime\":\"14.806\"}","timestamp":"2025-05-29T19:25:11.501Z"}
{"level":"\u001b[32minfo\u001b[39m","message":"{\"method\":\"POST\",\"url\":\"/teas\",\"status\":\"500\",\"responseTime\":\"4.120\"}","timestamp":"2025-05-29T19:25:28.504Z"}
{"level":"\u001b[32minfo\u001b[39m","message":"\u001b[95mA post request is made to add a new tea\u001b[39m","timestamp":"2025-05-29T19:25:43.223Z"}
{"level":"\u001b[32minfo\u001b[39m","message":"{\"method\":\"POST\",\"url\":\"/teas\",\"status\":\"201\",\"responseTime\":\"14.498\"}","timestamp":"2025-05-29T19:25:43.326Z"}
